<?xml version="1.0" encoding="UTF-8"?>
<testsuite xmlns:xsi="http://www.w3.org/2001/XMLSchema-instance" xsi:noNamespaceSchemaLocation="https://maven.apache.org/surefire/maven-surefire-plugin/xsd/surefire-test-report.xsd" name="com.vheal.HttpRequestTest" time="1.977" tests="1" errors="1" skipped="0" failures="0">
  <properties>
[...]
</properties>
  <testcase name="greetingShouldReturnDefaultMessage" classname="com.vheal.HttpRequestTest" time="0.036">
    <error message="I/O error on GET request for &quot;http://localhost:8080/login&quot;: Connection refused (Connection refused); nested exception is java.net.ConnectException: Connection refused (Connection refused)" type="org.springframework.web.client.ResourceAccessException">org.springframework.web.client.ResourceAccessException: I/O error on GET request for "http://localhost:8080/login": Connection refused (Connection refused); nested exception is java.net.ConnectException: Connection refused (Connection refused)
	at com.vheal.HttpRequestTest.greetingShouldReturnDefaultMessage(HttpRequestTest.java:25)
Caused by: java.net.ConnectException: Connection refused (Connection refused)
	at com.vheal.HttpRequestTest.greetingShouldReturnDefaultMessage(HttpRequestTest.java:25)
</error>
    <system-out><![CDATA[2022-05-18 12:49:31.153  INFO 18820 --- [           main] .b.t.c.SpringBootTestContextBootstrapper : Neither @ContextConfiguration nor @ContextHierarchy found for test class [com.vheal.HttpRequestTest], using SpringBootContextLoader
2022-05-18 12:49:31.153  INFO 18820 --- [           main] o.s.t.c.support.AbstractContextLoader    : Could not detect default resource locations for test class [com.vheal.HttpRequestTest]: no resource found for suffixes {-context.xml, Context.groovy}.
2022-05-18 12:49:31.154  INFO 18820 --- [           main] t.c.s.AnnotationConfigContextLoaderUtils : Could not detect default configuration classes for test class [com.vheal.HttpRequestTest]: HttpRequestTest does not declare any static, non-private, non-final, nested classes annotated with @Configuration.
2022-05-18 12:49:31.155  INFO 18820 --- [           main] .b.t.c.SpringBootTestContextBootstrapper : Found @SpringBootConfiguration com.vheal.VhealApplication for test class com.vheal.HttpRequestTest
2022-05-18 12:49:31.156  INFO 18820 --- [           main] .b.t.c.SpringBootTestContextBootstrapper : Loaded default TestExecutionListener class names from location [META-INF/spring.factories]: [org.springframework.boot.test.mock.mockito.MockitoTestExecutionListener, org.springframework.boot.test.mock.mockito.ResetMocksTestExecutionListener, org.springframework.boot.test.autoconfigure.restdocs.RestDocsTestExecutionListener, org.springframework.boot.test.autoconfigure.web.client.MockRestServiceServerResetTestExecutionListener, org.springframework.boot.test.autoconfigure.web.servlet.MockMvcPrintOnlyOnFailureTestExecutionListener, org.springframework.boot.test.autoconfigure.web.servlet.WebDriverTestExecutionListener, org.springframework.boot.test.autoconfigure.webservices.client.MockWebServiceServerTestExecutionListener, org.springframework.test.context.web.ServletTestExecutionListener, org.springframework.test.context.support.DirtiesContextBeforeModesTestExecutionListener, org.springframework.test.context.event.ApplicationEventsTestExecutionListener, org.springframework.test.context.support.DependencyInjectionTestExecutionListener, org.springframework.test.context.support.DirtiesContextTestExecutionListener, org.springframework.test.context.transaction.TransactionalTestExecutionListener, org.springframework.test.context.jdbc.SqlScriptsTestExecutionListener, org.springframework.test.context.event.EventPublishingTestExecutionListener, org.springframework.security.test.context.support.WithSecurityContextTestExecutionListener, org.springframework.security.test.context.support.ReactorContextTestExecutionListener]
2022-05-18 12:49:31.157  INFO 18820 --- [           main] .b.t.c.SpringBootTestContextBootstrapper : Using TestExecutionListeners: [org.springframework.test.context.web.ServletTestExecutionListener@3dd6d18, org.springframework.test.context.support.DirtiesContextBeforeModesTestExecutionListener@3f45f093, org.springframework.test.context.event.ApplicationEventsTestExecutionListener@31d706d3, org.springframework.boot.test.mock.mockito.MockitoTestExecutionListener@1aafa531, org.springframework.boot.test.autoconfigure.SpringBootDependencyInjectionTestExecutionListener@72f2aed1, org.springframework.test.context.support.DirtiesContextTestExecutionListener@62230974, org.springframework.test.context.transaction.TransactionalTestExecutionListener@6bcb7a7d, org.springframework.test.context.jdbc.SqlScriptsTestExecutionListener@caadc18, org.springframework.test.context.event.EventPublishingTestExecutionListener@6bc96f7a, org.springframework.security.test.context.support.WithSecurityContextTestExecutionListener@11dba3de, org.springframework.security.test.context.support.ReactorContextTestExecutionListener@21f32b0a, org.springframework.boot.test.mock.mockito.ResetMocksTestExecutionListener@7b637930, org.springframework.boot.test.autoconfigure.restdocs.RestDocsTestExecutionListener@5bf16b99, org.springframework.boot.test.autoconfigure.web.client.MockRestServiceServerResetTestExecutionListener@17f8e66a, org.springframework.boot.test.autoconfigure.web.servlet.MockMvcPrintOnlyOnFailureTestExecutionListener@2feb34e4, org.springframework.boot.test.autoconfigure.web.servlet.WebDriverTestExecutionListener@4fa172d0, org.springframework.boot.test.autoconfigure.webservices.client.MockWebServiceServerTestExecutionListener@1f5c751e]

  .   ____          _            __ _ _
 /\\ / ___'_ __ _ _(_)_ __  __ _ \ \ \ \
( ( )\___ | '_ | '_| | '_ \/ _` | \ \ \ \
 \\/  ___)| |_)| | | | | || (_| |  ) ) ) )
  '  |____| .__|_| |_|_| |_\__, | / / / /
 =========|_|==============|___/=/_/_/_/
 :: Spring Boot ::                (v2.6.7)

2022-05-18 12:49:31.185  INFO 18820 --- [           main] com.vheal.HttpRequestTest                : Starting HttpRequestTest using Java 11.0.15 on PF3JK5X0 with PID 18820 (started by viswak in /home/viswak/Desktop/Projects/vheal-v2)
2022-05-18 12:49:31.186  INFO 18820 --- [           main] com.vheal.HttpRequestTest                : No active profile set, falling back to 1 default profile: "default"
2022-05-18 12:49:31.355  INFO 18820 --- [           main] .s.d.r.c.RepositoryConfigurationDelegate : Bootstrapping Spring Data JPA repositories in DEFAULT mode.
2022-05-18 12:49:31.370  INFO 18820 --- [           main] .s.d.r.c.RepositoryConfigurationDelegate : Finished Spring Data repository scanning in 14 ms. Found 6 JPA repository interfaces.
2022-05-18 12:49:31.700  INFO 18820 --- [           main] o.s.b.w.embedded.tomcat.TomcatWebServer  : Tomcat initialized with port(s): 0 (http)
2022-05-18 12:49:31.717  INFO 18820 --- [           main] o.apache.catalina.core.StandardService   : Starting service [Tomcat]
2022-05-18 12:49:31.717  INFO 18820 --- [           main] org.apache.catalina.core.StandardEngine  : Starting Servlet engine: [Apache Tomcat/9.0.62]
2022-05-18 12:49:31.890  INFO 18820 --- [           main] o.a.c.c.C.[Tomcat].[localhost].[/]       : Initializing Spring embedded WebApplicationContext
2022-05-18 12:49:31.890  INFO 18820 --- [           main] w.s.c.ServletWebServerApplicationContext : Root WebApplicationContext: initialization completed in 702 ms
2022-05-18 12:49:32.054  INFO 18820 --- [           main] o.hibernate.jpa.internal.util.LogHelper  : HHH000204: Processing PersistenceUnitInfo [name: default]
2022-05-18 12:49:32.058  INFO 18820 --- [           main] com.zaxxer.hikari.HikariDataSource       : HikariPool-4 - Starting...
2022-05-18 12:49:32.064  INFO 18820 --- [           main] com.zaxxer.hikari.HikariDataSource       : HikariPool-4 - Start completed.
2022-05-18 12:49:32.064  INFO 18820 --- [           main] org.hibernate.dialect.Dialect            : HHH000400: Using dialect: org.hibernate.dialect.MySQL5InnoDBDialect
2022-05-18 12:49:32.270  INFO 18820 --- [           main] o.h.e.t.j.p.i.JtaPlatformInitiator       : HHH000490: Using JtaPlatform implementation: [org.hibernate.engine.transaction.jta.platform.internal.NoJtaPlatform]
2022-05-18 12:49:32.271  INFO 18820 --- [           main] j.LocalContainerEntityManagerFactoryBean : Initialized JPA EntityManagerFactory for persistence unit 'default'
2022-05-18 12:49:32.307  WARN 18820 --- [           main] JpaBaseConfiguration$JpaWebConfiguration : spring.jpa.open-in-view is enabled by default. Therefore, database queries may be performed during view rendering. Explicitly configure spring.jpa.open-in-view to disable this warning
2022-05-18 12:49:32.548  INFO 18820 --- [           main] o.s.s.web.DefaultSecurityFilterChain     : Will secure any request with [org.springframework.security.web.context.request.async.WebAsyncManagerIntegrationFilter@c31b21f, org.springframework.security.web.context.SecurityContextPersistenceFilter@24dbf7c4, org.springframework.security.web.header.HeaderWriterFilter@41c620b9, org.springframework.security.web.csrf.CsrfFilter@21ff1472, org.springframework.security.web.authentication.logout.LogoutFilter@2d0d740c, org.springframework.security.web.authentication.UsernamePasswordAuthenticationFilter@26f7811, org.springframework.security.web.savedrequest.RequestCacheAwareFilter@2a76db7b, org.springframework.security.web.servletapi.SecurityContextHolderAwareRequestFilter@5a45e564, org.springframework.security.web.authentication.AnonymousAuthenticationFilter@7f7d275b, org.springframework.security.web.session.SessionManagementFilter@7dde3089, org.springframework.security.web.access.ExceptionTranslationFilter@7dbe63bf, org.springframework.security.web.access.intercept.FilterSecurityInterceptor@5a2450a7]
2022-05-18 12:49:32.692  INFO 18820 --- [           main] o.s.b.a.w.s.WelcomePageHandlerMapping    : Adding welcome page template: index
2022-05-18 12:49:33.088  INFO 18820 --- [           main] o.s.b.w.embedded.tomcat.TomcatWebServer  : Tomcat started on port(s): 37755 (http) with context path ''
2022-05-18 12:49:33.091  INFO 18820 --- [           main] com.vheal.HttpRequestTest                : Started HttpRequestTest in 1.931 seconds (JVM running for 17.542)
]]></system-out>
  </testcase>
</testsuite>